<?xml version="1.0" encoding="UTF-8"?>
<testng-results skipped="0" failed="0" ignored="0" total="2" passed="2">
  <reporter-output>
  </reporter-output>
  <suite name="Regression Suite" duration-ms="51841" started-at="2023-10-16T22:02:46 IST" finished-at="2023-10-16T22:03:38 IST">
    <groups>
    </groups>
    <test name="TestOrangeHRMPIM" duration-ms="51841" started-at="2023-10-16T22:02:46 IST" finished-at="2023-10-16T22:03:38 IST">
      <class name="testscripts.TestOrangeHrmPim">
        <test-method status="PASS" signature="precondition()[pri:0, instance:testscripts.TestOrangeHrmPim@5b87ed94]" name="precondition" is-config="true" duration-ms="12300" started-at="2023-10-16T22:02:47 IST" finished-at="2023-10-16T22:02:59 IST">
          <reporter-output>
          </reporter-output>
        </test-method> <!-- precondition -->
        <test-method status="PASS" signature="testPimCreation()[pri:0, instance:testscripts.TestOrangeHrmPim@5b87ed94]" name="testPimCreation" duration-ms="13081" started-at="2023-10-16T22:02:59 IST" finished-at="2023-10-16T22:03:12 IST">
          <reporter-output>
          </reporter-output>
        </test-method> <!-- testPimCreation -->
        <test-method status="PASS" signature="postcondition()[pri:0, instance:testscripts.TestOrangeHrmPim@5b87ed94]" name="postcondition" is-config="true" duration-ms="1672" started-at="2023-10-16T22:03:12 IST" finished-at="2023-10-16T22:03:14 IST">
          <reporter-output>
          </reporter-output>
        </test-method> <!-- postcondition -->
        <test-method status="PASS" signature="precondition()[pri:0, instance:testscripts.TestOrangeHrmPim@5b87ed94]" name="precondition" is-config="true" duration-ms="9942" started-at="2023-10-16T22:03:14 IST" finished-at="2023-10-16T22:03:24 IST">
          <reporter-output>
          </reporter-output>
        </test-method> <!-- precondition -->
        <test-method status="PASS" signature="testPimDeletion()[pri:0, instance:testscripts.TestOrangeHrmPim@5b87ed94]" name="testPimDeletion" duration-ms="13043" started-at="2023-10-16T22:03:24 IST" depends-on-methods="testscripts.TestOrangeHrmPim.testPimCreation" finished-at="2023-10-16T22:03:37 IST">
          <reporter-output>
          </reporter-output>
        </test-method> <!-- testPimDeletion -->
        <test-method status="PASS" signature="postcondition()[pri:0, instance:testscripts.TestOrangeHrmPim@5b87ed94]" name="postcondition" is-config="true" duration-ms="1687" started-at="2023-10-16T22:03:37 IST" finished-at="2023-10-16T22:03:38 IST">
          <reporter-output>
          </reporter-output>
        </test-method> <!-- postcondition -->
      </class> <!-- testscripts.TestOrangeHrmPim -->
    </test> <!-- TestOrangeHRMPIM -->
  </suite> <!-- Regression Suite -->
</testng-results>
